{"C:\\Code\\gst-website\\src\\utils\\abbreviate.ts": {"path":"C:\\Code\\gst-website\\src\\utils\\abbreviate.ts","statementMap":{"0":{"start":{"line":3,"column":2},"end":{"line":5,"column":null}},"1":{"start":{"line":4,"column":4},"end":{"line":4,"column":null}},"2":{"start":{"line":8,"column":19},"end":{"line":8,"column":null}},"3":{"start":{"line":11,"column":19},"end":{"line":11,"column":null}},"4":{"start":{"line":12,"column":15},"end":{"line":12,"column":null}},"5":{"start":{"line":14,"column":2},"end":{"line":26,"column":null}},"6":{"start":{"line":15,"column":4},"end":{"line":15,"column":null}},"7":{"start":{"line":16,"column":4},"end":{"line":16,"column":null}},"8":{"start":{"line":17,"column":4},"end":{"line":17,"column":null}},"9":{"start":{"line":18,"column":2},"end":{"line":26,"column":null}},"10":{"start":{"line":19,"column":4},"end":{"line":19,"column":null}},"11":{"start":{"line":20,"column":4},"end":{"line":20,"column":null}},"12":{"start":{"line":21,"column":4},"end":{"line":21,"column":null}},"13":{"start":{"line":22,"column":2},"end":{"line":26,"column":null}},"14":{"start":{"line":23,"column":4},"end":{"line":23,"column":null}},"15":{"start":{"line":24,"column":4},"end":{"line":24,"column":null}},"16":{"start":{"line":25,"column":4},"end":{"line":25,"column":null}},"17":{"start":{"line":28,"column":18},"end":{"line":28,"column":null}},"18":{"start":{"line":31,"column":23},"end":{"line":31,"column":null}},"19":{"start":{"line":32,"column":2},"end":{"line":35,"column":null}},"20":{"start":{"line":32,"column":28},"end":{"line":32,"column":null}},"21":{"start":{"line":32,"column":45},"end":{"line":35,"column":null}},"22":{"start":{"line":33,"column":33},"end":{"line":33,"column":null}},"23":{"start":{"line":33,"column":50},"end":{"line":35,"column":null}},"24":{"start":{"line":34,"column":33},"end":{"line":34,"column":null}},"25":{"start":{"line":34,"column":50},"end":{"line":35,"column":null}},"26":{"start":{"line":35,"column":34},"end":{"line":35,"column":null}},"27":{"start":{"line":38,"column":2},"end":{"line":40,"column":null}},"28":{"start":{"line":39,"column":4},"end":{"line":39,"column":null}},"29":{"start":{"line":43,"column":2},"end":{"line":54,"column":null}},"30":{"start":{"line":44,"column":21},"end":{"line":44,"column":null}},"31":{"start":{"line":45,"column":4},"end":{"line":45,"column":null}},"32":{"start":{"line":46,"column":2},"end":{"line":54,"column":null}},"33":{"start":{"line":47,"column":21},"end":{"line":47,"column":null}},"34":{"start":{"line":48,"column":4},"end":{"line":48,"column":null}},"35":{"start":{"line":49,"column":2},"end":{"line":54,"column":null}},"36":{"start":{"line":50,"column":22},"end":{"line":50,"column":null}},"37":{"start":{"line":51,"column":4},"end":{"line":51,"column":null}},"38":{"start":{"line":53,"column":4},"end":{"line":53,"column":null}}},"fnMap":{"0":{"name":"abbreviateARR","decl":{"start":{"line":2,"column":16},"end":{"line":2,"column":30}},"loc":{"start":{"line":2,"column":54},"end":{"line":55,"column":null}},"line":2}},"branchMap":{"0":{"loc":{"start":{"line":3,"column":2},"end":{"line":5,"column":null}},"type":"if","locations":[{"start":{"line":3,"column":2},"end":{"line":5,"column":null}},{"start":{},"end":{}}],"line":3},"1":{"loc":{"start":{"line":3,"column":6},"end":{"line":3,"column":65}},"type":"binary-expr","locations":[{"start":{"line":3,"column":6},"end":{"line":3,"column":17}},{"start":{"line":3,"column":17},"end":{"line":3,"column":47}},{"start":{"line":3,"column":47},"end":{"line":3,"column":65}}],"line":3},"2":{"loc":{"start":{"line":14,"column":2},"end":{"line":26,"column":null}},"type":"if","locations":[{"start":{"line":14,"column":2},"end":{"line":26,"column":null}},{"start":{"line":18,"column":2},"end":{"line":26,"column":null}}],"line":14},"3":{"loc":{"start":{"line":18,"column":2},"end":{"line":26,"column":null}},"type":"if","locations":[{"start":{"line":18,"column":2},"end":{"line":26,"column":null}},{"start":{"line":22,"column":2},"end":{"line":26,"column":null}}],"line":18},"4":{"loc":{"start":{"line":22,"column":2},"end":{"line":26,"column":null}},"type":"if","locations":[{"start":{"line":22,"column":2},"end":{"line":26,"column":null}},{"start":{},"end":{}}],"line":22},"5":{"loc":{"start":{"line":32,"column":2},"end":{"line":35,"column":null}},"type":"if","locations":[{"start":{"line":32,"column":2},"end":{"line":35,"column":null}},{"start":{"line":32,"column":45},"end":{"line":35,"column":null}}],"line":32},"6":{"loc":{"start":{"line":32,"column":45},"end":{"line":35,"column":null}},"type":"if","locations":[{"start":{"line":32,"column":45},"end":{"line":35,"column":null}},{"start":{"line":33,"column":50},"end":{"line":35,"column":null}}],"line":32},"7":{"loc":{"start":{"line":33,"column":50},"end":{"line":35,"column":null}},"type":"if","locations":[{"start":{"line":33,"column":50},"end":{"line":35,"column":null}},{"start":{"line":34,"column":50},"end":{"line":35,"column":null}}],"line":33},"8":{"loc":{"start":{"line":34,"column":50},"end":{"line":35,"column":null}},"type":"if","locations":[{"start":{"line":34,"column":50},"end":{"line":35,"column":null}},{"start":{},"end":{}}],"line":34},"9":{"loc":{"start":{"line":38,"column":2},"end":{"line":40,"column":null}},"type":"if","locations":[{"start":{"line":38,"column":2},"end":{"line":40,"column":null}},{"start":{},"end":{}}],"line":38},"10":{"loc":{"start":{"line":43,"column":2},"end":{"line":54,"column":null}},"type":"if","locations":[{"start":{"line":43,"column":2},"end":{"line":54,"column":null}},{"start":{"line":46,"column":2},"end":{"line":54,"column":null}}],"line":43},"11":{"loc":{"start":{"line":46,"column":2},"end":{"line":54,"column":null}},"type":"if","locations":[{"start":{"line":46,"column":2},"end":{"line":54,"column":null}},{"start":{"line":49,"column":2},"end":{"line":54,"column":null}}],"line":46},"12":{"loc":{"start":{"line":49,"column":2},"end":{"line":54,"column":null}},"type":"if","locations":[{"start":{"line":49,"column":2},"end":{"line":54,"column":null}},{"start":{"line":52,"column":9},"end":{"line":54,"column":null}}],"line":49}},"s":{"0":33,"1":4,"2":29,"3":29,"4":29,"5":29,"6":1,"7":1,"8":1,"9":28,"10":16,"11":16,"12":16,"13":12,"14":1,"15":1,"16":1,"17":29,"18":29,"19":29,"20":3,"21":26,"22":2,"23":24,"24":2,"25":22,"26":2,"27":29,"28":1,"29":28,"30":5,"31":5,"32":23,"33":19,"34":19,"35":4,"36":2,"37":2,"38":2},"f":{"0":33},"b":{"0":[4,29],"1":[33,31,30],"2":[1,28],"3":[16,12],"4":[1,11],"5":[3,26],"6":[2,24],"7":[2,22],"8":[2,20],"9":[1,28],"10":[5,23],"11":[19,4],"12":[2,2]},"meta":{"lastBranch":13,"lastFunction":1,"lastStatement":39,"seen":{"f:2:16:2:30":0,"b:3:2:5:Infinity:undefined:undefined:undefined:undefined":0,"s:3:2:5:Infinity":0,"b:3:6:3:17:3:17:3:47:3:47:3:65":1,"s:4:4:4:Infinity":1,"s:8:19:8:Infinity":2,"s:11:19:11:Infinity":3,"s:12:15:12:Infinity":4,"b:14:2:26:Infinity:18:2:26:Infinity":2,"s:14:2:26:Infinity":5,"s:15:4:15:Infinity":6,"s:16:4:16:Infinity":7,"s:17:4:17:Infinity":8,"b:18:2:26:Infinity:22:2:26:Infinity":3,"s:18:2:26:Infinity":9,"s:19:4:19:Infinity":10,"s:20:4:20:Infinity":11,"s:21:4:21:Infinity":12,"b:22:2:26:Infinity:undefined:undefined:undefined:undefined":4,"s:22:2:26:Infinity":13,"s:23:4:23:Infinity":14,"s:24:4:24:Infinity":15,"s:25:4:25:Infinity":16,"s:28:18:28:Infinity":17,"s:31:23:31:Infinity":18,"b:32:2:35:Infinity:32:45:35:Infinity":5,"s:32:2:35:Infinity":19,"s:32:28:32:Infinity":20,"b:32:45:35:Infinity:33:50:35:Infinity":6,"s:32:45:35:Infinity":21,"s:33:33:33:Infinity":22,"b:33:50:35:Infinity:34:50:35:Infinity":7,"s:33:50:35:Infinity":23,"s:34:33:34:Infinity":24,"b:34:50:35:Infinity:undefined:undefined:undefined:undefined":8,"s:34:50:35:Infinity":25,"s:35:34:35:Infinity":26,"b:38:2:40:Infinity:undefined:undefined:undefined:undefined":9,"s:38:2:40:Infinity":27,"s:39:4:39:Infinity":28,"b:43:2:54:Infinity:46:2:54:Infinity":10,"s:43:2:54:Infinity":29,"s:44:21:44:Infinity":30,"s:45:4:45:Infinity":31,"b:46:2:54:Infinity:49:2:54:Infinity":11,"s:46:2:54:Infinity":32,"s:47:21:47:Infinity":33,"s:48:4:48:Infinity":34,"b:49:2:54:Infinity:52:9:54:Infinity":12,"s:49:2:54:Infinity":35,"s:50:22:50:Infinity":36,"s:51:4:51:Infinity":37,"s:53:4:53:Infinity":38}}}
,"C:\\Code\\gst-website\\src\\utils\\sort.ts": {"path":"C:\\Code\\gst-website\\src\\utils\\sort.ts","statementMap":{"0":{"start":{"line":8,"column":2},"end":{"line":8,"column":null}},"1":{"start":{"line":8,"column":38},"end":{"line":8,"column":53}},"2":{"start":{"line":13,"column":2},"end":{"line":13,"column":null}},"3":{"start":{"line":13,"column":32},"end":{"line":13,"column":79}},"4":{"start":{"line":18,"column":2},"end":{"line":18,"column":null}},"5":{"start":{"line":18,"column":38},"end":{"line":18,"column":74}}},"fnMap":{"0":{"name":"sortProjectsByYear","decl":{"start":{"line":7,"column":16},"end":{"line":7,"column":35}},"loc":{"start":{"line":7,"column":67},"end":{"line":9,"column":null}},"line":7},"1":{"name":"(anonymous_1)","decl":{"start":{"line":8,"column":28},"end":{"line":8,"column":29}},"loc":{"start":{"line":8,"column":38},"end":{"line":8,"column":53}},"line":8},"2":{"name":"sortProjectsByARR","decl":{"start":{"line":12,"column":16},"end":{"line":12,"column":34}},"loc":{"start":{"line":12,"column":66},"end":{"line":14,"column":null}},"line":12},"3":{"name":"(anonymous_3)","decl":{"start":{"line":13,"column":28},"end":{"line":13,"column":29}},"loc":{"start":{"line":13,"column":32},"end":{"line":13,"column":79}},"line":13},"4":{"name":"sortProjectsByName","decl":{"start":{"line":17,"column":16},"end":{"line":17,"column":35}},"loc":{"start":{"line":17,"column":67},"end":{"line":19,"column":null}},"line":17},"5":{"name":"(anonymous_5)","decl":{"start":{"line":18,"column":28},"end":{"line":18,"column":29}},"loc":{"start":{"line":18,"column":38},"end":{"line":18,"column":74}},"line":18}},"branchMap":{"0":{"loc":{"start":{"line":13,"column":39},"end":{"line":13,"column":61}},"type":"binary-expr","locations":[{"start":{"line":13,"column":39},"end":{"line":13,"column":55}},{"start":{"line":13,"column":55},"end":{"line":13,"column":61}}],"line":13},"1":{"loc":{"start":{"line":13,"column":61},"end":{"line":13,"column":79}},"type":"binary-expr","locations":[{"start":{"line":13,"column":61},"end":{"line":13,"column":77}},{"start":{"line":13,"column":77},"end":{"line":13,"column":79}}],"line":13}},"s":{"0":7,"1":26,"2":5,"3":20,"4":5,"5":16},"f":{"0":7,"1":26,"2":5,"3":20,"4":5,"5":16},"b":{"0":[20,4],"1":[20,2]},"meta":{"lastBranch":2,"lastFunction":6,"lastStatement":6,"seen":{"f:7:16:7:35":0,"s:8:2:8:Infinity":0,"f:8:28:8:29":1,"s:8:38:8:53":1,"f:12:16:12:34":2,"s:13:2:13:Infinity":2,"f:13:28:13:29":3,"s:13:32:13:79":3,"b:13:39:13:55:13:55:13:61":0,"b:13:61:13:77:13:77:13:79":1,"f:17:16:17:35":4,"s:18:2:18:Infinity":4,"f:18:28:18:29":5,"s:18:38:18:74":5}}}
}
